--------------------------------
 2020-11-08 00:12:39|
   【执行方法】：LoginIn 
 【携带参数】： "17343" "1223" 
【执行完成结果】：方法中出现异常：该账号不存在

--------------------------------
 2020-11-08 00:12:39|
   【执行方法】：LoginIn 
 【携带参数】： "17343" "1223" 

--------------------------------
 2020-11-08 00:13:54|
   【执行方法】：LoginIn 
 【携带参数】： "17343" "1223" 
【执行完成结果】：方法中出现异常：该账号不存在

--------------------------------
 2020-11-08 00:13:54|
   【执行方法】：LoginIn 
 【携带参数】： "17343" "1223" 

--------------------------------
 2020-11-08 00:14:24|
   【执行方法】：LoginIn 
 【携带参数】： "17317146018" "123456" 
【执行完成结果】：方法中出现异常：Unknown column 'u.IsValid' in 'where clause'

--------------------------------
 2020-11-08 00:14:24|
   【执行方法】：LoginIn 
 【携带参数】： "17317146018" "123456" 

--------------------------------
 2020-11-08 00:15:39|
   【执行方法】：LoginIn 
 【携带参数】： "17317146018" "123456" 
【执行完成结果】：方法中出现异常：Unknown column 'u.IsValid' in 'where clause'

--------------------------------
 2020-11-08 00:15:39|
   【执行方法】：LoginIn 
 【携带参数】： "17317146018" "123456" 

--------------------------------
 2020-11-08 00:19:17|
   【执行方法】：LoginIn 
 【携带参数】： "17317146018" "123456" 
【执行完成结果】：方法中出现异常：Unknown column 'IsValid' in 'field list'

--------------------------------
 2020-11-08 00:19:17|
   【执行方法】：LoginIn 
 【携带参数】： "17317146018" "123456" 

--------------------------------
 2020-11-08 00:20:29|
   【执行方法】：LoginIn 
 【携带参数】： "17317146018" "123456" 
【执行完成结果】：{"ID":7,"UserName":"admin","Pwd":"9ZvWX37a+wh6gdTcoGxJEA==","Phone":"17317146018","Birthday":"2003-05-13T22:43:09","HeadImg":null,"Sex":0,"FK_Citys":360733,"FK_Shop":1,"Sign":"我思故我在","Level":0,"RoleType":null}
--------------------------------
 2020-11-08 00:20:29|
   【执行方法】：LoginIn 
 【携带参数】： "17317146018" "123456" 

--------------------------------
 2020-11-08 00:20:29|
   【执行方法】：Add 
 【携带参数】： {"ID":0,"FK_User":7,"Guid":"76f98ecc-e619-418c-80c5-5887259bbd31","ExpireTime":"2021-05-24T22:20:29.1242556+08:00","CreateTime":"2020-11-08T00:20:29.3536277+08:00"} 
【执行完成结果】：方法中出现异常：Table 'userdb.usertokenrecord' doesn't exist

--------------------------------
 2020-11-08 00:20:29|
   【执行方法】：Add 
 【携带参数】： {"ID":0,"FK_User":7,"Guid":"76f98ecc-e619-418c-80c5-5887259bbd31","ExpireTime":"2021-05-24T22:20:29.1242556+08:00","CreateTime":"2020-11-08T00:20:29.3536277+08:00"} 

--------------------------------
 2020-11-08 00:21:08|
   【执行方法】：LoginIn 
 【携带参数】： "17317146018" "123456" 
【执行完成结果】：{"ID":1,"UserName":"admin","Pwd":"9ZvWX37a+wh6gdTcoGxJEA==","Phone":"17317146018","Birthday":"2003-05-13T22:43:09","HeadImg":null,"Sex":0,"FK_Citys":360733,"FK_Shop":1,"Sign":"我思故我在","Level":0,"RoleType":1}
--------------------------------
 2020-11-08 00:21:09|
   【执行方法】：LoginIn 
 【携带参数】： "17317146018" "123456" 

--------------------------------
 2020-11-08 00:21:09|
   【执行方法】：Add 
 【携带参数】： {"ID":0,"FK_User":1,"Guid":"68688660-7bc6-40db-a159-d20991f7fe50","ExpireTime":"2021-05-24T22:21:09.0236271+08:00","CreateTime":"2020-11-08T00:21:09.1370656+08:00"} 
【执行完成结果】：方法中出现异常：Table 'userdb.usertokenrecord' doesn't exist

--------------------------------
 2020-11-08 00:21:09|
   【执行方法】：Add 
 【携带参数】： {"ID":0,"FK_User":1,"Guid":"68688660-7bc6-40db-a159-d20991f7fe50","ExpireTime":"2021-05-24T22:21:09.0236271+08:00","CreateTime":"2020-11-08T00:21:09.1370656+08:00"} 

